  [1m[35m (1991.9ms)[0m  [1m[35mCREATE TABLE "schema_migrations" ("version" varchar NOT NULL PRIMARY KEY)[0m
  [1m[35m (2222.8ms)[0m  [1m[35mCREATE TABLE "ar_internal_metadata" ("key" varchar NOT NULL PRIMARY KEY, "value" varchar, "created_at" datetime(6) NOT NULL, "updated_at" datetime(6) NOT NULL)[0m
  [1m[36mActiveRecord::SchemaMigration Pluck (1.0ms)[0m  [1m[34mSELECT "schema_migrations"."version" FROM "schema_migrations" ORDER BY "schema_migrations"."version" ASC[0m
Migrating to CreateReceipts (20221019132515)
  [1m[36mTRANSACTION (0.4ms)[0m  [1m[36mbegin transaction[0m
  [1m[35m (1.7ms)[0m  [1m[35mCREATE TABLE "receipts" ("id" integer PRIMARY KEY AUTOINCREMENT NOT NULL, "receipt_no" varchar, "sender_name" varchar, "receiver_name" varchar, "amount_paid" integer, "nature_of_goods" varchar, "pickup" varchar, "destination" varchar, "order_id" integer, "created_at" datetime(6) NOT NULL, "updated_at" datetime(6) NOT NULL)[0m
  [1m[36mActiveRecord::SchemaMigration Create (0.2ms)[0m  [1m[32mINSERT INTO "schema_migrations" ("version") VALUES (?)[0m  [["version", "20221019132515"]]
  [1m[36mTRANSACTION (908.9ms)[0m  [1m[36mcommit transaction[0m
Migrating to CreateTrackings (20221019132526)
  [1m[36mTRANSACTION (0.1ms)[0m  [1m[36mbegin transaction[0m
  [1m[35m (0.6ms)[0m  [1m[35mCREATE TABLE "trackings" ("id" integer PRIMARY KEY AUTOINCREMENT NOT NULL, "pickup" varchar, "destination" varchar, "order_id" integer, "created_at" datetime(6) NOT NULL, "updated_at" datetime(6) NOT NULL)[0m
  [1m[36mActiveRecord::SchemaMigration Create (0.3ms)[0m  [1m[32mINSERT INTO "schema_migrations" ("version") VALUES (?)[0m  [["version", "20221019132526"]]
  [1m[36mTRANSACTION (1532.0ms)[0m  [1m[36mcommit transaction[0m
Migrating to CreateDeliveries (20221019134107)
  [1m[36mTRANSACTION (0.6ms)[0m  [1m[36mbegin transaction[0m
  [1m[35m (2.4ms)[0m  [1m[35mCREATE TABLE "deliveries" ("id" integer PRIMARY KEY AUTOINCREMENT NOT NULL, "receiver_name" varchar, "receiver_contact" varchar, "pickup_instructions" text, "delivery_instructions" text, "package_type" varchar, "package_details" varchar, "created_at" datetime(6) NOT NULL, "updated_at" datetime(6) NOT NULL)[0m
  [1m[36mActiveRecord::SchemaMigration Create (1.1ms)[0m  [1m[32mINSERT INTO "schema_migrations" ("version") VALUES (?)[0m  [["version", "20221019134107"]]
  [1m[36mTRANSACTION (1613.9ms)[0m  [1m[36mcommit transaction[0m
Migrating to CreateOrders (20221024095704)
  [1m[36mTRANSACTION (0.5ms)[0m  [1m[36mbegin transaction[0m
  [1m[35m (1.8ms)[0m  [1m[35mCREATE TABLE "orders" ("id" integer PRIMARY KEY AUTOINCREMENT NOT NULL, "sender_name" varchar, "receiver_name" varchar, "nature_of_goods" varchar, "pickup" varchar, "destination" varchar, "use_profile_id" integer, "created_at" datetime(6) NOT NULL, "updated_at" datetime(6) NOT NULL)[0m
  [1m[36mActiveRecord::SchemaMigration Create (1.4ms)[0m  [1m[32mINSERT INTO "schema_migrations" ("version") VALUES (?)[0m  [["version", "20221024095704"]]
  [1m[36mTRANSACTION (1533.8ms)[0m  [1m[36mcommit transaction[0m
Migrating to DeviseCreateUsers (20221024131614)
  [1m[36mTRANSACTION (0.5ms)[0m  [1m[36mbegin transaction[0m
  [1m[35m (2.1ms)[0m  [1m[35mCREATE TABLE "users" ("id" integer PRIMARY KEY AUTOINCREMENT NOT NULL, "email" varchar DEFAULT '' NOT NULL, "encrypted_password" varchar DEFAULT '' NOT NULL, "reset_password_token" varchar, "reset_password_sent_at" datetime(6), "remember_created_at" datetime(6), "sign_in_count" integer DEFAULT 0 NOT NULL, "current_sign_in_at" datetime(6), "last_sign_in_at" datetime(6), "current_sign_in_ip" varchar, "last_sign_in_ip" varchar, "confirmation_token" varchar, "confirmed_at" datetime(6), "confirmation_sent_at" datetime(6), "unconfirmed_email" varchar, "failed_attempts" integer DEFAULT 0 NOT NULL, "unlock_token" varchar, "locked_at" datetime(6), "created_at" datetime(6) NOT NULL, "updated_at" datetime(6) NOT NULL)[0m
  [1m[35m (0.6ms)[0m  [1m[35mCREATE UNIQUE INDEX "index_users_on_email" ON "users" ("email")[0m
  [1m[35m (0.5ms)[0m  [1m[35mCREATE UNIQUE INDEX "index_users_on_reset_password_token" ON "users" ("reset_password_token")[0m
  [1m[35m (0.3ms)[0m  [1m[35mCREATE UNIQUE INDEX "index_users_on_confirmation_token" ON "users" ("confirmation_token")[0m
  [1m[35m (0.3ms)[0m  [1m[35mCREATE UNIQUE INDEX "index_users_on_unlock_token" ON "users" ("unlock_token")[0m
  [1m[36mActiveRecord::SchemaMigration Create (0.2ms)[0m  [1m[32mINSERT INTO "schema_migrations" ("version") VALUES (?)[0m  [["version", "20221024131614"]]
  [1m[36mTRANSACTION (483.2ms)[0m  [1m[36mcommit transaction[0m
Migrating to DeviseCreateAdmins (20221024132055)
  [1m[36mTRANSACTION (0.3ms)[0m  [1m[36mbegin transaction[0m
  [1m[35m (1.4ms)[0m  [1m[35mCREATE TABLE "admins" ("id" integer PRIMARY KEY AUTOINCREMENT NOT NULL, "email" varchar DEFAULT '' NOT NULL, "encrypted_password" varchar DEFAULT '' NOT NULL, "reset_password_token" varchar, "reset_password_sent_at" datetime(6), "remember_created_at" datetime(6), "sign_in_count" integer DEFAULT 0 NOT NULL, "current_sign_in_at" datetime(6), "last_sign_in_at" datetime(6), "current_sign_in_ip" varchar, "last_sign_in_ip" varchar, "confirmation_token" varchar, "confirmed_at" datetime(6), "confirmation_sent_at" datetime(6), "unconfirmed_email" varchar, "failed_attempts" integer DEFAULT 0 NOT NULL, "unlock_token" varchar, "locked_at" datetime(6), "created_at" datetime(6) NOT NULL, "updated_at" datetime(6) NOT NULL)[0m
  [1m[35m (0.6ms)[0m  [1m[35mCREATE UNIQUE INDEX "index_admins_on_email" ON "admins" ("email")[0m
  [1m[35m (0.6ms)[0m  [1m[35mCREATE UNIQUE INDEX "index_admins_on_reset_password_token" ON "admins" ("reset_password_token")[0m
  [1m[35m (0.6ms)[0m  [1m[35mCREATE UNIQUE INDEX "index_admins_on_confirmation_token" ON "admins" ("confirmation_token")[0m
  [1m[35m (0.6ms)[0m  [1m[35mCREATE UNIQUE INDEX "index_admins_on_unlock_token" ON "admins" ("unlock_token")[0m
  [1m[36mActiveRecord::SchemaMigration Create (0.8ms)[0m  [1m[32mINSERT INTO "schema_migrations" ("version") VALUES (?)[0m  [["version", "20221024132055"]]
  [1m[36mTRANSACTION (506.2ms)[0m  [1m[36mcommit transaction[0m
Migrating to CreateUseProfiles (20221025081826)
  [1m[36mTRANSACTION (0.4ms)[0m  [1m[36mbegin transaction[0m
  [1m[35m (2.4ms)[0m  [1m[35mCREATE TABLE "use_profiles" ("id" integer PRIMARY KEY AUTOINCREMENT NOT NULL, "avatar" varchar, "name" varchar, "email" varchar, "telephone" varchar, "location" varchar, "user_id" integer, "created_at" datetime(6) NOT NULL, "updated_at" datetime(6) NOT NULL)[0m
  [1m[36mActiveRecord::SchemaMigration Create (1.0ms)[0m  [1m[32mINSERT INTO "schema_migrations" ("version") VALUES (?)[0m  [["version", "20221025081826"]]
  [1m[36mTRANSACTION (1009.5ms)[0m  [1m[36mcommit transaction[0m
Migrating to RemoveDeliveryId (20221026101129)
  [1m[36mTRANSACTION (0.4ms)[0m  [1m[36mbegin transaction[0m
  [1m[35m (0.5ms)[0m  [1m[35mPRAGMA foreign_keys[0m
  [1m[35m (0.9ms)[0m  [1m[35mPRAGMA defer_foreign_keys[0m
  [1m[35m (0.5ms)[0m  [1m[35mPRAGMA defer_foreign_keys = ON[0m
  [1m[35m (0.4ms)[0m  [1m[35mPRAGMA foreign_keys = OFF[0m
  [1m[35m (0.9ms)[0m  [1m[35mCREATE TEMPORARY TABLE "aorders" ("id" integer NOT NULL PRIMARY KEY, "sender_name" varchar DEFAULT NULL, "receiver_name" varchar DEFAULT NULL, "nature_of_goods" varchar DEFAULT NULL, "pickup" varchar DEFAULT NULL, "destination" varchar DEFAULT NULL, "use_profile_id" integer DEFAULT NULL, "created_at" datetime(6) NOT NULL, "updated_at" datetime(6) NOT NULL)[0m
  [1m[35m (0.6ms)[0m  [1m[32mINSERT INTO "aorders" ("id","sender_name","receiver_name","nature_of_goods","pickup","destination","use_profile_id","created_at","updated_at")
                     SELECT "id","sender_name","receiver_name","nature_of_goods","pickup","destination","use_profile_id","created_at","updated_at" FROM "orders"[0m
  [1m[35m (4.1ms)[0m  [1m[35mDROP TABLE "orders"[0m
  [1m[35m (0.8ms)[0m  [1m[35mCREATE TABLE "orders" ("id" integer NOT NULL PRIMARY KEY, "sender_name" varchar DEFAULT NULL, "receiver_name" varchar DEFAULT NULL, "nature_of_goods" varchar DEFAULT NULL, "pickup" varchar DEFAULT NULL, "destination" varchar DEFAULT NULL, "use_profile_id" integer DEFAULT NULL, "created_at" datetime(6) NOT NULL, "updated_at" datetime(6) NOT NULL)[0m
  [1m[35m (0.3ms)[0m  [1m[32mINSERT INTO "orders" ("id","sender_name","receiver_name","nature_of_goods","pickup","destination","use_profile_id","created_at","updated_at")
                     SELECT "id","sender_name","receiver_name","nature_of_goods","pickup","destination","use_profile_id","created_at","updated_at" FROM "aorders"[0m
  [1m[35m (0.5ms)[0m  [1m[35mDROP TABLE "aorders"[0m
  [1m[35m (0.2ms)[0m  [1m[35mPRAGMA defer_foreign_keys = 0[0m
  [1m[35m (0.2ms)[0m  [1m[35mPRAGMA foreign_keys = 1[0m
  [1m[35m (0.2ms)[0m  [1m[35mPRAGMA foreign_keys[0m
  [1m[35m (0.2ms)[0m  [1m[35mPRAGMA defer_foreign_keys[0m
  [1m[35m (0.1ms)[0m  [1m[35mPRAGMA defer_foreign_keys = ON[0m
  [1m[35m (0.1ms)[0m  [1m[35mPRAGMA foreign_keys = OFF[0m
  [1m[35m (0.4ms)[0m  [1m[35mCREATE TEMPORARY TABLE "aorders" ("id" integer NOT NULL PRIMARY KEY, "sender_name" varchar DEFAULT NULL, "receiver_name" varchar DEFAULT NULL, "nature_of_goods" varchar DEFAULT NULL, "pickup" varchar DEFAULT NULL, "destination" varchar DEFAULT NULL, "use_profile_id" integer DEFAULT NULL, "created_at" datetime(6) NOT NULL, "updated_at" datetime(6) NOT NULL)[0m
  [1m[35m (0.2ms)[0m  [1m[32mINSERT INTO "aorders" ("id","sender_name","receiver_name","nature_of_goods","pickup","destination","use_profile_id","created_at","updated_at")
                     SELECT "id","sender_name","receiver_name","nature_of_goods","pickup","destination","use_profile_id","created_at","updated_at" FROM "orders"[0m
  [1m[35m (0.3ms)[0m  [1m[35mDROP TABLE "orders"[0m
  [1m[35m (0.2ms)[0m  [1m[35mCREATE TABLE "orders" ("id" integer NOT NULL PRIMARY KEY, "sender_name" varchar DEFAULT NULL, "receiver_name" varchar DEFAULT NULL, "nature_of_goods" varchar DEFAULT NULL, "pickup" varchar DEFAULT NULL, "destination" varchar DEFAULT NULL, "use_profile_id" integer DEFAULT NULL, "created_at" datetime(6) NOT NULL, "updated_at" datetime(6) NOT NULL)[0m
  [1m[35m (0.2ms)[0m  [1m[32mINSERT INTO "orders" ("id","sender_name","receiver_name","nature_of_goods","pickup","destination","use_profile_id","created_at","updated_at")
                     SELECT "id","sender_name","receiver_name","nature_of_goods","pickup","destination","use_profile_id","created_at","updated_at" FROM "aorders"[0m
  [1m[35m (0.2ms)[0m  [1m[35mDROP TABLE "aorders"[0m
  [1m[35m (0.1ms)[0m  [1m[35mPRAGMA defer_foreign_keys = 0[0m
  [1m[35m (0.1ms)[0m  [1m[35mPRAGMA foreign_keys = 1[0m
  [1m[36mActiveRecord::SchemaMigration Create (0.5ms)[0m  [1m[32mINSERT INTO "schema_migrations" ("version") VALUES (?)[0m  [["version", "20221026101129"]]
  [1m[36mTRANSACTION (458.7ms)[0m  [1m[36mcommit transaction[0m
Migrating to CreateServices (20221026140911)
  [1m[36mTRANSACTION (0.5ms)[0m  [1m[36mbegin transaction[0m
  [1m[35m (2.2ms)[0m  [1m[35mCREATE TABLE "services" ("id" integer PRIMARY KEY AUTOINCREMENT NOT NULL, "image_url" varchar, "category" varchar, "description" varchar, "created_at" datetime(6) NOT NULL, "updated_at" datetime(6) NOT NULL)[0m
  [1m[36mActiveRecord::SchemaMigration Create (2.1ms)[0m  [1m[32mINSERT INTO "schema_migrations" ("version") VALUES (?)[0m  [["version", "20221026140911"]]
  [1m[36mTRANSACTION (404.3ms)[0m  [1m[36mcommit transaction[0m
Migrating to RemovingOrderColumns (20221027111340)
  [1m[36mTRANSACTION (0.3ms)[0m  [1m[36mbegin transaction[0m
  [1m[35m (0.4ms)[0m  [1m[35mPRAGMA foreign_keys[0m
  [1m[35m (0.6ms)[0m  [1m[35mPRAGMA defer_foreign_keys[0m
  [1m[35m (0.8ms)[0m  [1m[35mPRAGMA defer_foreign_keys = ON[0m
  [1m[35m (0.4ms)[0m  [1m[35mPRAGMA foreign_keys = OFF[0m
  [1m[35m (1.6ms)[0m  [1m[35mCREATE TEMPORARY TABLE "aorders" ("id" integer NOT NULL PRIMARY KEY, "sender_name" varchar DEFAULT NULL, "receiver_name" varchar DEFAULT NULL, "nature_of_goods" varchar DEFAULT NULL, "pickup" varchar DEFAULT NULL, "destination" varchar DEFAULT NULL, "use_profile_id" integer DEFAULT NULL, "created_at" datetime(6) NOT NULL, "updated_at" datetime(6) NOT NULL)[0m
  [1m[35m (0.3ms)[0m  [1m[32mINSERT INTO "aorders" ("id","sender_name","receiver_name","nature_of_goods","pickup","destination","use_profile_id","created_at","updated_at")
                     SELECT "id","sender_name","receiver_name","nature_of_goods","pickup","destination","use_profile_id","created_at","updated_at" FROM "orders"[0m
  [1m[35m (1.0ms)[0m  [1m[35mDROP TABLE "orders"[0m
  [1m[35m (0.6ms)[0m  [1m[35mCREATE TABLE "orders" ("id" integer NOT NULL PRIMARY KEY, "receiver_name" varchar DEFAULT NULL, "nature_of_goods" varchar DEFAULT NULL, "pickup" varchar DEFAULT NULL, "destination" varchar DEFAULT NULL, "use_profile_id" integer DEFAULT NULL, "created_at" datetime(6) NOT NULL, "updated_at" datetime(6) NOT NULL)[0m
  [1m[35m (0.3ms)[0m  [1m[32mINSERT INTO "orders" ("id","receiver_name","nature_of_goods","pickup","destination","use_profile_id","created_at","updated_at")
                     SELECT "id","receiver_name","nature_of_goods","pickup","destination","use_profile_id","created_at","updated_at" FROM "aorders"[0m
  [1m[35m (0.3ms)[0m  [1m[35mDROP TABLE "aorders"[0m
  [1m[35m (0.1ms)[0m  [1m[35mPRAGMA defer_foreign_keys = 0[0m
  [1m[35m (0.1ms)[0m  [1m[35mPRAGMA foreign_keys = 1[0m
  [1m[35m (0.1ms)[0m  [1m[35mPRAGMA foreign_keys[0m
  [1m[35m (0.2ms)[0m  [1m[35mPRAGMA defer_foreign_keys[0m
  [1m[35m (0.1ms)[0m  [1m[35mPRAGMA defer_foreign_keys = ON[0m
  [1m[35m (0.1ms)[0m  [1m[35mPRAGMA foreign_keys = OFF[0m
  [1m[35m (0.3ms)[0m  [1m[35mCREATE TEMPORARY TABLE "aorders" ("id" integer NOT NULL PRIMARY KEY, "receiver_name" varchar DEFAULT NULL, "nature_of_goods" varchar DEFAULT NULL, "pickup" varchar DEFAULT NULL, "destination" varchar DEFAULT NULL, "use_profile_id" integer DEFAULT NULL, "created_at" datetime(6) NOT NULL, "updated_at" datetime(6) NOT NULL)[0m
  [1m[35m (0.2ms)[0m  [1m[32mINSERT INTO "aorders" ("id","receiver_name","nature_of_goods","pickup","destination","use_profile_id","created_at","updated_at")
                     SELECT "id","receiver_name","nature_of_goods","pickup","destination","use_profile_id","created_at","updated_at" FROM "orders"[0m
  [1m[35m (0.2ms)[0m  [1m[35mDROP TABLE "orders"[0m
  [1m[35m (0.3ms)[0m  [1m[35mCREATE TABLE "orders" ("id" integer NOT NULL PRIMARY KEY, "nature_of_goods" varchar DEFAULT NULL, "pickup" varchar DEFAULT NULL, "destination" varchar DEFAULT NULL, "use_profile_id" integer DEFAULT NULL, "created_at" datetime(6) NOT NULL, "updated_at" datetime(6) NOT NULL)[0m
  [1m[35m (0.2ms)[0m  [1m[32mINSERT INTO "orders" ("id","nature_of_goods","pickup","destination","use_profile_id","created_at","updated_at")
                     SELECT "id","nature_of_goods","pickup","destination","use_profile_id","created_at","updated_at" FROM "aorders"[0m
  [1m[35m (0.3ms)[0m  [1m[35mDROP TABLE "aorders"[0m
  [1m[35m (0.1ms)[0m  [1m[35mPRAGMA defer_foreign_keys = 0[0m
  [1m[35m (0.1ms)[0m  [1m[35mPRAGMA foreign_keys = 1[0m
  [1m[35m (0.1ms)[0m  [1m[35mPRAGMA foreign_keys[0m
  [1m[35m (0.1ms)[0m  [1m[35mPRAGMA defer_foreign_keys[0m
  [1m[35m (0.1ms)[0m  [1m[35mPRAGMA defer_foreign_keys = ON[0m
  [1m[35m (0.1ms)[0m  [1m[35mPRAGMA foreign_keys = OFF[0m
  [1m[35m (0.3ms)[0m  [1m[35mCREATE TEMPORARY TABLE "aorders" ("id" integer NOT NULL PRIMARY KEY, "nature_of_goods" varchar DEFAULT NULL, "pickup" varchar DEFAULT NULL, "destination" varchar DEFAULT NULL, "use_profile_id" integer DEFAULT NULL, "created_at" datetime(6) NOT NULL, "updated_at" datetime(6) NOT NULL)[0m
  [1m[35m (0.2ms)[0m  [1m[32mINSERT INTO "aorders" ("id","nature_of_goods","pickup","destination","use_profile_id","created_at","updated_at")
                     SELECT "id","nature_of_goods","pickup","destination","use_profile_id","created_at","updated_at" FROM "orders"[0m
  [1m[35m (0.3ms)[0m  [1m[35mDROP TABLE "orders"[0m
  [1m[35m (0.2ms)[0m  [1m[35mCREATE TABLE "orders" ("id" integer NOT NULL PRIMARY KEY, "nature_of_goods" varchar DEFAULT NULL, "pickup" varchar DEFAULT NULL, "destination" varchar DEFAULT NULL, "use_profile_id" integer DEFAULT NULL, "created_at" datetime(6) NOT NULL, "updated_at" datetime(6) NOT NULL)[0m
  [1m[35m (0.1ms)[0m  [1m[32mINSERT INTO "orders" ("id","nature_of_goods","pickup","destination","use_profile_id","created_at","updated_at")
                     SELECT "id","nature_of_goods","pickup","destination","use_profile_id","created_at","updated_at" FROM "aorders"[0m
  [1m[35m (0.2ms)[0m  [1m[35mDROP TABLE "aorders"[0m
  [1m[35m (0.1ms)[0m  [1m[35mPRAGMA defer_foreign_keys = 0[0m
  [1m[35m (0.1ms)[0m  [1m[35mPRAGMA foreign_keys = 1[0m
  [1m[35m (0.0ms)[0m  [1m[35mPRAGMA foreign_keys[0m
  [1m[35m (0.2ms)[0m  [1m[35mPRAGMA defer_foreign_keys[0m
  [1m[35m (0.1ms)[0m  [1m[35mPRAGMA defer_foreign_keys = ON[0m
  [1m[35m (0.1ms)[0m  [1m[35mPRAGMA foreign_keys = OFF[0m
  [1m[35m (0.3ms)[0m  [1m[35mCREATE TEMPORARY TABLE "aorders" ("id" integer NOT NULL PRIMARY KEY, "nature_of_goods" varchar DEFAULT NULL, "pickup" varchar DEFAULT NULL, "destination" varchar DEFAULT NULL, "use_profile_id" integer DEFAULT NULL, "created_at" datetime(6) NOT NULL, "updated_at" datetime(6) NOT NULL)[0m
  [1m[35m (0.1ms)[0m  [1m[32mINSERT INTO "aorders" ("id","nature_of_goods","pickup","destination","use_profile_id","created_at","updated_at")
                     SELECT "id","nature_of_goods","pickup","destination","use_profile_id","created_at","updated_at" FROM "orders"[0m
  [1m[35m (0.3ms)[0m  [1m[35mDROP TABLE "orders"[0m
  [1m[35m (0.2ms)[0m  [1m[35mCREATE TABLE "orders" ("id" integer NOT NULL PRIMARY KEY, "pickup" varchar DEFAULT NULL, "destination" varchar DEFAULT NULL, "use_profile_id" integer DEFAULT NULL, "created_at" datetime(6) NOT NULL, "updated_at" datetime(6) NOT NULL)[0m
  [1m[35m (0.1ms)[0m  [1m[32mINSERT INTO "orders" ("id","pickup","destination","use_profile_id","created_at","updated_at")
                     SELECT "id","pickup","destination","use_profile_id","created_at","updated_at" FROM "aorders"[0m
  [1m[35m (0.2ms)[0m  [1m[35mDROP TABLE "aorders"[0m
  [1m[35m (0.1ms)[0m  [1m[35mPRAGMA defer_foreign_keys = 0[0m
  [1m[35m (0.1ms)[0m  [1m[35mPRAGMA foreign_keys = 1[0m
  [1m[36mActiveRecord::SchemaMigration Create (0.3ms)[0m  [1m[32mINSERT INTO "schema_migrations" ("version") VALUES (?)[0m  [["version", "20221027111340"]]
  [1m[36mTRANSACTION (578.8ms)[0m  [1m[36mcommit transaction[0m
Migrating to AddingOrdersColumn (20221027111859)
  [1m[36mTRANSACTION (0.3ms)[0m  [1m[36mbegin transaction[0m
  [1m[35m (4.7ms)[0m  [1m[35mALTER TABLE "orders" ADD "senderName" varchar[0m
  [1m[35m (3.2ms)[0m  [1m[35mALTER TABLE "orders" ADD "receiverName" varchar[0m
  [1m[35m (3.0ms)[0m  [1m[35mALTER TABLE "orders" ADD "amountPaid" integer[0m
  [1m[35m (2.6ms)[0m  [1m[35mALTER TABLE "orders" ADD "natureOfGoods" varchar[0m
  [1m[36mActiveRecord::SchemaMigration Create (1.0ms)[0m  [1m[32mINSERT INTO "schema_migrations" ("version") VALUES (?)[0m  [["version", "20221027111859"]]
  [1m[36mTRANSACTION (422.9ms)[0m  [1m[36mcommit transaction[0m
  [1m[36mActiveRecord::InternalMetadata Load (0.9ms)[0m  [1m[34mSELECT "ar_internal_metadata".* FROM "ar_internal_metadata" WHERE "ar_internal_metadata"."key" = ? LIMIT ?[0m  [["key", "environment"], ["LIMIT", 1]]
  [1m[36mTRANSACTION (0.1ms)[0m  [1m[36mbegin transaction[0m
  [1m[36mActiveRecord::InternalMetadata Create (0.5ms)[0m  [1m[32mINSERT INTO "ar_internal_metadata" ("key", "value", "created_at", "updated_at") VALUES (?, ?, ?, ?)[0m  [["key", "environment"], ["value", "development"], ["created_at", "2022-11-02 18:23:44.356350"], ["updated_at", "2022-11-02 18:23:44.356350"]]
  [1m[36mTRANSACTION (297.0ms)[0m  [1m[36mcommit transaction[0m
  [1m[36mActiveRecord::SchemaMigration Pluck (0.7ms)[0m  [1m[34mSELECT "schema_migrations"."version" FROM "schema_migrations" ORDER BY "schema_migrations"."version" ASC[0m
